{"timestamp":"2026-06-21T07:24:34.657Z","status":401,"res":{"message":"Unauthorized","statusCode":401}}
{"timestamp":"2026-06-25T16:41:12.141Z","status":401,"res":{"message":"Not authorized","error":"Unauthorized","statusCode":401}}
{"timestamp":"2026-06-25T16:42:46.709Z","status":401,"res":{"message":"Unauthorized","statusCode":401}}
{"timestamp":"2026-06-25T16:42:51.317Z","status":401,"res":{"message":"Unauthorized","statusCode":401}}
{"timestamp":"2026-06-25T16:51:31.011Z","status":401,"res":{"message":"Unauthorized","statusCode":401}}
{"timestamp":"2026-06-25T16:51:35.542Z","status":401,"res":{"message":"Unauthorized","statusCode":401}}
{"timestamp":"2026-06-25T16:54:24.803Z","status":404,"res":{"message":"Cannot POST /wallet/process-view-earnings","error":"Not Found","statusCode":404}}
{"timestamp":"2026-06-25T19:38:05.444Z","status":401,"res":{"message":"Unauthorized","statusCode":401}}
{"timestamp":"2026-06-25T19:54:05.317Z","status":401,"res":{"message":"Unauthorized","statusCode":401}}
{"timestamp":"2026-06-26T00:46:24.697Z","status":401,"res":{"message":"Unauthorized","statusCode":401}}
{"timestamp":"2026-06-26T01:01:41.081Z","status":401,"res":{"message":"Unauthorized","statusCode":401}}
{"timestamp":"2026-06-26T01:07:06.057Z","status":401,"res":{"message":"Unauthorized","statusCode":401}}
{"timestamp":"2026-06-26T01:19:36.094Z","status":401,"res":{"message":"Unauthorized","statusCode":401}}
{"timestamp":"2026-06-26T01:19:40.017Z","status":401,"res":{"message":"Unauthorized","statusCode":401}}
{"timestamp":"2026-06-26T01:19:40.022Z","status":401,"res":{"message":"Unauthorized","statusCode":401}}
{"timestamp":"2026-06-26T01:22:53.633Z","status":401,"res":{"message":"Unauthorized","statusCode":401}}
{"timestamp":"2026-06-28T17:55:24.448Z","status":401,"res":{"message":"Unauthorized","statusCode":401}}
{"timestamp":"2026-06-28T17:55:25.594Z","status":401,"res":{"message":"Unauthorized","statusCode":401}}
{"timestamp":"2026-06-28T17:55:25.597Z","status":401,"res":{"message":"Unauthorized","statusCode":401}}
{"timestamp":"2026-06-28T17:55:25.600Z","status":401,"res":{"message":"Unauthorized","statusCode":401}}
{"timestamp":"2026-06-28T17:56:00.456Z","status":401,"res":{"message":"Unauthorized","statusCode":401}}
{"timestamp":"2026-06-28T17:56:00.460Z","status":401,"res":{"message":"Unauthorized","statusCode":401}}
{"timestamp":"2026-06-28T17:56:00.633Z","status":401,"res":{"message":"Unauthorized","statusCode":401}}
{"timestamp":"2026-06-28T17:56:00.637Z","status":401,"res":{"message":"Unauthorized","statusCode":401}}
{"timestamp":"2026-06-28T17:58:05.340Z","status":401,"res":{"message":"Unauthorized","statusCode":401}}
{"timestamp":"2026-06-28T17:58:05.348Z","status":401,"res":{"message":"Unauthorized","statusCode":401}}
{"timestamp":"2026-06-28T17:58:05.354Z","status":401,"res":{"message":"Unauthorized","statusCode":401}}
{"timestamp":"2026-06-28T17:58:05.359Z","status":401,"res":{"message":"Unauthorized","statusCode":401}}
{"timestamp":"2026-06-28T19:11:55.281Z","status":404,"res":{"message":"Cannot GET /api","error":"Not Found","statusCode":404}}
{"timestamp":"2026-06-28T19:11:55.565Z","status":404,"res":{"message":"Cannot GET /favicon.ico","error":"Not Found","statusCode":404}}
{"timestamp":"2026-06-28T19:14:04.549Z","status":400,"res":{"message":["cost must be a number conforming to the specified constraints"],"error":"Bad Request","statusCode":400}}
{"timestamp":"2026-06-28T19:14:07.855Z","status":400,"res":{"message":["cost must be a number conforming to the specified constraints"],"error":"Bad Request","statusCode":400}}
{"timestamp":"2026-06-28T19:16:41.654Z","status":400,"res":{"message":["cost must be a number conforming to the specified constraints"],"error":"Bad Request","statusCode":400}}
{"timestamp":"2026-06-28T19:16:44.762Z","status":400,"res":{"message":["cost must be a number conforming to the specified constraints"],"error":"Bad Request","statusCode":400}}
{"timestamp":"2026-06-28T19:17:20.014Z","status":400,"res":{"message":["cost must be a number conforming to the specified constraints"],"error":"Bad Request","statusCode":400}}
{"timestamp":"2026-06-28T19:18:44.289Z","status":400,"res":{"message":"Expected double-quoted property name in JSON at position 81 (line 5 column 1)","error":"Bad Request","statusCode":400}}
{"timestamp":"2026-06-28T19:18:47.609Z","status":400,"res":{"message":"Expected double-quoted property name in JSON at position 81 (line 5 column 1)","error":"Bad Request","statusCode":400}}
